2024-09-09 18:54:16,655 : INFO : test_formSubmission : The First Name issai
2024-09-09 18:54:18,936 : INFO : test_formSubmission : The First Name isAparna
2024-09-09 18:54:18,936 : INFO : test_formSubmission : The First Name isAparna
2024-09-09 18:54:37,334 : INFO : test_e2e : Clicking on the Shop of Home page
2024-09-09 18:54:45,014 : INFO : test_e2e : iphone X
2024-09-09 18:54:45,146 : INFO : test_e2e : Samsung Note 8
2024-09-09 18:54:45,185 : INFO : test_e2e : Nokia Edge
2024-09-09 18:54:45,197 : INFO : test_e2e : Blackberry
2024-09-09 18:54:59,036 : INFO : test_e2e : ×
Success! Thank you! Your order will be delivered in next few weeks :-).
2024-09-09 19:05:36,656 : INFO : test_formSubmission : The First Name issai
2024-09-09 19:05:38,336 : INFO : test_formSubmission : The First Name isAparna
2024-09-09 19:05:38,336 : INFO : test_formSubmission : The First Name isAparna
2024-09-09 19:05:54,058 : INFO : test_e2e : Clicking on the Shop of Home page
2024-09-09 19:06:00,547 : INFO : test_e2e : iphone X
2024-09-09 19:06:00,670 : INFO : test_e2e : Samsung Note 8
2024-09-09 19:06:00,818 : INFO : test_e2e : Nokia Edge
2024-09-09 19:06:00,907 : INFO : test_e2e : Blackberry
2024-09-09 19:06:14,174 : INFO : test_e2e : ×
Success! Thank you! Your order will be delivered in next few weeks :-).
2024-09-09 20:12:47,104 : INFO : test_formSubmission : The First Name issai
2024-09-09 20:12:48,552 : INFO : test_formSubmission : The First Name isAparna
2024-09-09 20:12:48,552 : INFO : test_formSubmission : The First Name isAparna
2024-09-09 20:12:55,505 : INFO : test_e2e : Clicking on the Shop of Home page
2024-09-09 20:13:01,444 : INFO : test_e2e : iphone X
2024-09-09 20:13:01,482 : INFO : test_e2e : Samsung Note 8
2024-09-09 20:13:01,506 : INFO : test_e2e : Nokia Edge
2024-09-09 20:13:01,531 : INFO : test_e2e : Blackberry
2024-09-09 20:13:13,794 : INFO : test_e2e : ×
Success! Thank you! Your order will be delivered in next few weeks :-).
2024-09-12 14:13:02,510 : INFO : test_formSubmission : The First Name isSurya
2024-09-12 14:13:17,603 : INFO : test_e2e : Clicking on the Shop of Home page
2024-09-12 14:13:24,075 : INFO : test_e2e : iphone X
2024-09-12 14:13:24,090 : INFO : test_e2e : Samsung Note 8
2024-09-12 14:13:24,121 : INFO : test_e2e : Nokia Edge
2024-09-12 14:13:24,137 : INFO : test_e2e : Blackberry
2024-09-12 14:13:36,731 : INFO : test_e2e : ×
Success! Thank you! Your order will be delivered in next few weeks :-).
